# JRE version: Java(TM) SE Runtime Environment (8.0_171-b11) (build 1.8.0_171-b11)
# Java VM: Java HotSpot(TM) 64-Bit Server VM (25.171-b11 mixed mode linux-amd64 compressed oops)
Heap:
 PSYoungGen      total 224768K, used 16512K [0x00000000ee580000, 0x00000000fe500000, 0x0000000100000000)
  eden space 202240K, 0% used [0x00000000ee580000,0x00000000ee580000,0x00000000fab00000)
  from space 22528K, 73% used [0x00000000fab00000,0x00000000fbb20010,0x00000000fc100000)
  to   space 23040K, 0% used [0x00000000fc100000,0x00000000fc100000,0x00000000fd780000)
 ParOldGen       total 315904K, used 304782K [0x00000000cb000000, 0x00000000de480000, 0x00000000ee580000)
  object space 315904K, 96% used [0x00000000cb000000,0x00000000dd9a3870,0x00000000de480000)
 Metaspace       used 23890K, capacity 25326K, committed 25520K, reserved 1071104K
  class space    used 3397K, capacity 3700K, committed 3760K, reserved 1048576K
GC Heap History (10 events):
Event: 7.996 GC heap after
Heap after GC invocations=16 (full 4):
 PSYoungGen      total 176640K, used 0K [0x00000000ee580000, 0x00000000faf00000, 0x0000000100000000)
  eden space 155648K, 0% used [0x00000000ee580000,0x00000000ee580000,0x00000000f7d80000)
  from space 20992K, 0% used [0x00000000f9380000,0x00000000f9380000,0x00000000fa800000)
  to   space 22528K, 0% used [0x00000000f7d80000,0x00000000f7d80000,0x00000000f9380000)
 ParOldGen       total 181760K, used 101006K [0x00000000cb000000, 0x00000000d6180000, 0x00000000ee580000)
  object space 181760K, 55% used [0x00000000cb000000,0x00000000d12a3928,0x00000000d6180000)
 Metaspace       used 23890K, capacity 25326K, committed 25520K, reserved 1071104K
  class space    used 3397K, capacity 3700K, committed 3760K, reserved 1048576K
}
Event: 8.151 GC heap before
{Heap before GC invocations=17 (full 4):
 PSYoungGen      total 176640K, used 155648K [0x00000000ee580000, 0x00000000faf00000, 0x0000000100000000)
  eden space 155648K, 100% used [0x00000000ee580000,0x00000000f7d80000,0x00000000f7d80000)
  from space 20992K, 0% used [0x00000000f9380000,0x00000000f9380000,0x00000000fa800000)
  to   space 22528K, 0% used [0x00000000f7d80000,0x00000000f7d80000,0x00000000f9380000)
 ParOldGen       total 181760K, used 101006K [0x00000000cb000000, 0x00000000d6180000, 0x00000000ee580000)
  object space 181760K, 55% used [0x00000000cb000000,0x00000000d12a3928,0x00000000d6180000)
 Metaspace       used 23890K, capacity 25326K, committed 25520K, reserved 1071104K
  class space    used 3397K, capacity 3700K, committed 3760K, reserved 1048576K
Event: 8.165 GC heap after
Heap after GC invocations=17 (full 4):
 PSYoungGen      total 178176K, used 0K [0x00000000ee580000, 0x00000000fd780000, 0x0000000100000000)
  eden space 155648K, 0% used [0x00000000ee580000,0x00000000ee580000,0x00000000f7d80000)
  from space 22528K, 0% used [0x00000000f7d80000,0x00000000f7d80000,0x00000000f9380000)
  to   space 23040K, 0% used [0x00000000fc100000,0x00000000fc100000,0x00000000fd780000)
 ParOldGen       total 181760K, used 137870K [0x00000000cb000000, 0x00000000d6180000, 0x00000000ee580000)
  object space 181760K, 75% used [0x00000000cb000000,0x00000000d36a3938,0x00000000d6180000)
 Metaspace       used 23890K, capacity 25326K, committed 25520K, reserved 1071104K
  class space    used 3397K, capacity 3700K, committed 3760K, reserved 1048576K
}
Event: 8.165 GC heap before
{Heap before GC invocations=18 (full 5):
 PSYoungGen      total 178176K, used 0K [0x00000000ee580000, 0x00000000fd780000, 0x0000000100000000)
  eden space 155648K, 0% used [0x00000000ee580000,0x00000000ee580000,0x00000000f7d80000)
  from space 22528K, 0% used [0x00000000f7d80000,0x00000000f7d80000,0x00000000f9380000)
  to   space 23040K, 0% used [0x00000000fc100000,0x00000000fc100000,0x00000000fd780000)
 ParOldGen       total 181760K, used 137870K [0x00000000cb000000, 0x00000000d6180000, 0x00000000ee580000)
  object space 181760K, 75% used [0x00000000cb000000,0x00000000d36a3938,0x00000000d6180000)
 Metaspace       used 23890K, capacity 25326K, committed 25520K, reserved 1071104K
  class space    used 3397K, capacity 3700K, committed 3760K, reserved 1048576K
Event: 8.221 GC heap after
Heap after GC invocations=18 (full 5):
 PSYoungGen      total 178176K, used 0K [0x00000000ee580000, 0x00000000fd780000, 0x0000000100000000)
  eden space 155648K, 0% used [0x00000000ee580000,0x00000000ee580000,0x00000000f7d80000)
  from space 22528K, 0% used [0x00000000f7d80000,0x00000000f7d80000,0x00000000f9380000)
  to   space 23040K, 0% used [0x00000000fc100000,0x00000000fc100000,0x00000000fd780000)
 ParOldGen       total 224256K, used 128654K [0x00000000cb000000, 0x00000000d8b00000, 0x00000000ee580000)
  object space 224256K, 57% used [0x00000000cb000000,0x00000000d2da3928,0x00000000d8b00000)
 Metaspace       used 23890K, capacity 25326K, committed 25520K, reserved 1071104K
  class space    used 3397K, capacity 3700K, committed 3760K, reserved 1048576K
}
Event: 8.325 GC heap before
{Heap before GC invocations=19 (full 5):
 PSYoungGen      total 178176K, used 129235K [0x00000000ee580000, 0x00000000fd780000, 0x0000000100000000)
  eden space 155648K, 83% used [0x00000000ee580000,0x00000000f63b4e60,0x00000000f7d80000)
  from space 22528K, 0% used [0x00000000f7d80000,0x00000000f7d80000,0x00000000f9380000)
  to   space 23040K, 0% used [0x00000000fc100000,0x00000000fc100000,0x00000000fd780000)
 ParOldGen       total 224256K, used 128654K [0x00000000cb000000, 0x00000000d8b00000, 0x00000000ee580000)
  object space 224256K, 57% used [0x00000000cb000000,0x00000000d2da3928,0x00000000d8b00000)
 Metaspace       used 23890K, capacity 25326K, committed 25520K, reserved 1071104K
  class space    used 3397K, capacity 3700K, committed 3760K, reserved 1048576K
Event: 9.181 GC heap after
Heap after GC invocations=19 (full 5):
 PSYoungGen      total 225280K, used 32K [0x00000000ee580000, 0x00000000fe500000, 0x0000000100000000)
  eden space 202240K, 0% used [0x00000000ee580000,0x00000000ee580000,0x00000000fab00000)
  from space 23040K, 0% used [0x00000000fc100000,0x00000000fc108000,0x00000000fd780000)
  to   space 22528K, 0% used [0x00000000fab00000,0x00000000fab00000,0x00000000fc100000)
 ParOldGen       total 290816K, used 259726K [0x00000000cb000000, 0x00000000dcc00000, 0x00000000ee580000)
  object space 290816K, 89% used [0x00000000cb000000,0x00000000dada3968,0x00000000dcc00000)
 Metaspace       used 23890K, capacity 25326K, committed 25520K, reserved 1071104K
  class space    used 3397K, capacity 3700K, committed 3760K, reserved 1048576K
}
Event: 9.188 GC heap before
{Heap before GC invocations=20 (full 6):
 PSYoungGen      total 225280K, used 32K [0x00000000ee580000, 0x00000000fe500000, 0x0000000100000000)
  eden space 202240K, 0% used [0x00000000ee580000,0x00000000ee580000,0x00000000fab00000)
  from space 23040K, 0% used [0x00000000fc100000,0x00000000fc108000,0x00000000fd780000)
  to   space 22528K, 0% used [0x00000000fab00000,0x00000000fab00000,0x00000000fc100000)
 ParOldGen       total 290816K, used 259726K [0x00000000cb000000, 0x00000000dcc00000, 0x00000000ee580000)
  object space 290816K, 89% used [0x00000000cb000000,0x00000000dada3968,0x00000000dcc00000)
 Metaspace       used 23890K, capacity 25326K, committed 25520K, reserved 1071104K
  class space    used 3397K, capacity 3700K, committed 3760K, reserved 1048576K
Event: 9.398 GC heap after
Heap after GC invocations=20 (full 6):
 PSYoungGen      total 225280K, used 0K [0x00000000ee580000, 0x00000000fe500000, 0x0000000100000000)
  eden space 202240K, 0% used [0x00000000ee580000,0x00000000ee580000,0x00000000fab00000)
  from space 23040K, 0% used [0x00000000fc100000,0x00000000fc100000,0x00000000fd780000)
  to   space 22528K, 0% used [0x00000000fab00000,0x00000000fab00000,0x00000000fc100000)
 ParOldGen       total 299008K, used 157326K [0x00000000cb000000, 0x00000000dd400000, 0x00000000ee580000)
  object space 299008K, 52% used [0x00000000cb000000,0x00000000d49a3810,0x00000000dd400000)
 Metaspace       used 23890K, capacity 25326K, committed 25520K, reserved 1071104K
  class space    used 3397K, capacity 3700K, committed 3760K, reserved 1048576K
}
Event: 9.928 GC heap before
{Heap before GC invocations=21 (full 6):
 PSYoungGen      total 225280K, used 202240K [0x00000000ee580000, 0x00000000fe500000, 0x0000000100000000)
  eden space 202240K, 100% used [0x00000000ee580000,0x00000000fab00000,0x00000000fab00000)
  from space 23040K, 0% used [0x00000000fc100000,0x00000000fc100000,0x00000000fd780000)
  to   space 22528K, 0% used [0x00000000fab00000,0x00000000fab00000,0x00000000fc100000)
 ParOldGen       total 299008K, used 157326K [0x00000000cb000000, 0x00000000dd400000, 0x00000000ee580000)
  object space 299008K, 52% used [0x00000000cb000000,0x00000000d49a3810,0x00000000dd400000)
 Metaspace       used 23890K, capacity 25326K, committed 25520K, reserved 1071104K
  class space    used 3397K, capacity 3700K, committed 3760K, reserved 1048576K

